d:\uad\6\compiladores\compiler\build\x64\intermediate\debug\compilerx64d.pch
d:\uad\6\compiladores\compiler\build\x64\intermediate\debug\vc141.pdb
d:\uad\6\compiladores\compiler\build\x64\intermediate\debug\pch.obj
d:\uad\6\compiladores\compiler\build\x64\intermediate\debug\token.obj
d:\uad\6\compiladores\compiler\build\x64\intermediate\debug\stringstate.obj
d:\uad\6\compiladores\compiler\build\x64\intermediate\debug\relationalstate.obj
d:\uad\6\compiladores\compiler\build\x64\intermediate\debug\logicalstate.obj
d:\uad\6\compiladores\compiler\build\x64\intermediate\debug\lexicstate.obj
d:\uad\6\compiladores\compiler\build\x64\intermediate\debug\lexanalyzer.obj
d:\uad\6\compiladores\compiler\build\x64\intermediate\debug\intstate.obj
d:\uad\6\compiladores\compiler\build\x64\intermediate\debug\idstate.obj
d:\uad\6\compiladores\compiler\build\x64\intermediate\debug\floatstate.obj
d:\uad\6\compiladores\compiler\build\x64\intermediate\debug\errormodule.obj
d:\uad\6\compiladores\compiler\build\x64\intermediate\debug\compiler.obj
d:\uad\6\compiladores\compiler\build\x64\intermediate\debug\commentarystate.obj
d:\uad\6\compiladores\compiler\build\x64\intermediate\debug\beginstate.obj
d:\uad\6\compiladores\compiler\build\x64\intermediate\debug\assemblyinfo.obj
d:\uad\6\compiladores\compiler\build\x64\intermediate\debug\arithmeticstate.obj
d:\uad\6\compiladores\compiler\build\x64\intermediate\debug\.netframework,version=v4.7.2.assemblyattributes.obj
d:\uad\6\compiladores\compiler\build\x64\intermediate\debug\.netframework,version=v4.7.2.assemblyattributes.asm
d:\uad\6\compiladores\compiler\build\x64\exe\debug\compilerx64d.dll
d:\uad\6\compiladores\compiler\build\x64\exe\debug\compilerx64d.pdb
d:\uad\6\compiladores\compiler\build\x64\intermediate\debug\app.res
c:\users\funka\desktop\compiladores\compiler\build\x64\intermediate\debug\compiler.vcxprojassemblyreference.cache
c:\users\funka\desktop\compiladores\compiler\build\x64\intermediate\debug\.netframework,version=v4.7.2.assemblyattributes.obj
c:\users\funka\desktop\compiladores\compiler\build\x64\intermediate\debug\arithmeticstate.obj
c:\users\funka\desktop\compiladores\compiler\build\x64\intermediate\debug\assemblyinfo.obj
c:\users\funka\desktop\compiladores\compiler\build\x64\intermediate\debug\beginstate.obj
c:\users\funka\desktop\compiladores\compiler\build\x64\intermediate\debug\commentarystate.obj
c:\users\funka\desktop\compiladores\compiler\build\x64\intermediate\debug\compiler.obj
c:\users\funka\desktop\compiladores\compiler\build\x64\intermediate\debug\errormodule.obj
c:\users\funka\desktop\compiladores\compiler\build\x64\intermediate\debug\floatstate.obj
c:\users\funka\desktop\compiladores\compiler\build\x64\intermediate\debug\idstate.obj
c:\users\funka\desktop\compiladores\compiler\build\x64\intermediate\debug\intstate.obj
c:\users\funka\desktop\compiladores\compiler\build\x64\intermediate\debug\lexanalyzer.obj
c:\users\funka\desktop\compiladores\compiler\build\x64\intermediate\debug\lexicstate.obj
c:\users\funka\desktop\compiladores\compiler\build\x64\intermediate\debug\logicalstate.obj
c:\users\funka\desktop\compiladores\compiler\build\x64\intermediate\debug\pch.obj
c:\users\funka\desktop\compiladores\compiler\build\x64\intermediate\debug\relationalstate.obj
c:\users\funka\desktop\compiladores\compiler\build\x64\intermediate\debug\stringstate.obj
c:\users\funka\desktop\compiladores\compiler\build\x64\intermediate\debug\token.obj
c:\users\funka\desktop\compiladores\compiler\build\x64\intermediate\debug\app.res
c:\users\funka\desktop\compiladores\compiler\build\x64\intermediate\debug\compilerx64d.pch
c:\users\funka\desktop\compiladores\compiler\build\x64\intermediate\debug\vc141.pdb
c:\users\funka\desktop\compiladores\compiler\build\x64\exe\debug\compilerx64d.pdb
c:\users\funka\desktop\compiladores\compiler\build\x64\exe\debug\compilerx64d.dll
c:\users\funka\desktop\compiladores\compiler\build\x64\intermediate\debug\compiler.tlog\cl.command.1.tlog
c:\users\funka\desktop\compiladores\compiler\build\x64\intermediate\debug\compiler.tlog\cl.read.1.tlog
c:\users\funka\desktop\compiladores\compiler\build\x64\intermediate\debug\compiler.tlog\cl.write.1.tlog
c:\users\funka\desktop\compiladores\compiler\build\x64\intermediate\debug\compiler.tlog\link.command.1.tlog
c:\users\funka\desktop\compiladores\compiler\build\x64\intermediate\debug\compiler.tlog\link.read.1.tlog
c:\users\funka\desktop\compiladores\compiler\build\x64\intermediate\debug\compiler.tlog\link.write.1.tlog
c:\users\funka\desktop\compiladores\compiler\build\x64\intermediate\debug\compiler.tlog\metagen.read.1.tlog
c:\users\funka\desktop\compiladores\compiler\build\x64\intermediate\debug\compiler.tlog\metagen.write.1.tlog
c:\users\funka\desktop\compiladores\compiler\build\x64\intermediate\debug\compiler.tlog\rc.command.1.tlog
c:\users\funka\desktop\compiladores\compiler\build\x64\intermediate\debug\compiler.tlog\rc.read.1.tlog
c:\users\funka\desktop\compiladores\compiler\build\x64\intermediate\debug\compiler.tlog\rc.write.1.tlog
