d:\uad\6\compiladores\compilerui\build\x86\intermediate\debug\compilerx86d.pch
d:\uad\6\compiladores\compilerui\build\x86\intermediate\debug\vc141.pdb
d:\uad\6\compiladores\compilerui\build\x86\intermediate\debug\pch.obj
d:\uad\6\compiladores\compilerui\build\x86\intermediate\debug\token.obj
d:\uad\6\compiladores\compilerui\build\x86\intermediate\debug\stringstate.obj
d:\uad\6\compiladores\compilerui\build\x86\intermediate\debug\relationalstate.obj
d:\uad\6\compiladores\compilerui\build\x86\intermediate\debug\logicalstate.obj
d:\uad\6\compiladores\compilerui\build\x86\intermediate\debug\lexicstate.obj
d:\uad\6\compiladores\compilerui\build\x86\intermediate\debug\lexanalyzer.obj
d:\uad\6\compiladores\compilerui\build\x86\intermediate\debug\intstate.obj
d:\uad\6\compiladores\compilerui\build\x86\intermediate\debug\idstate.obj
d:\uad\6\compiladores\compilerui\build\x86\intermediate\debug\floatstate.obj
d:\uad\6\compiladores\compilerui\build\x86\intermediate\debug\errormodule.obj
d:\uad\6\compiladores\compilerui\build\x86\intermediate\debug\compiler.obj
d:\uad\6\compiladores\compilerui\build\x86\intermediate\debug\commentarystate.obj
d:\uad\6\compiladores\compilerui\build\x86\intermediate\debug\beginstate.obj
d:\uad\6\compiladores\compilerui\build\x86\intermediate\debug\assemblyinfo.obj
d:\uad\6\compiladores\compilerui\build\x86\intermediate\debug\arithmeticstate.obj
d:\uad\6\compiladores\compilerui\build\x86\intermediate\debug\.netframework,version=v4.7.2.assemblyattributes.obj
d:\uad\6\compiladores\compilerui\build\x86\intermediate\debug\.netframework,version=v4.7.2.assemblyattributes.asm
d:\uad\6\compiladores\compilerui\build\x86\exe\debug\compilerx86d.dll
d:\uad\6\compiladores\compilerui\build\x86\exe\debug\compilerx86d.pdb
d:\uad\6\compiladores\compilerui\build\x86\intermediate\debug\app.res
d:\uad\6\compiladores\compilerui\build\x86\intermediate\debug\compiler.vcxprojassemblyreference.cache
d:\uad\6\compiladores\compilerui\build\x86\intermediate\debug\compiler.tlog\cl.command.1.tlog
d:\uad\6\compiladores\compilerui\build\x86\intermediate\debug\compiler.tlog\cl.read.1.tlog
d:\uad\6\compiladores\compilerui\build\x86\intermediate\debug\compiler.tlog\cl.write.1.tlog
d:\uad\6\compiladores\compilerui\build\x86\intermediate\debug\compiler.tlog\link.command.1.tlog
d:\uad\6\compiladores\compilerui\build\x86\intermediate\debug\compiler.tlog\link.read.1.tlog
d:\uad\6\compiladores\compilerui\build\x86\intermediate\debug\compiler.tlog\link.write.1.tlog
d:\uad\6\compiladores\compilerui\build\x86\intermediate\debug\compiler.tlog\metagen.read.1.tlog
d:\uad\6\compiladores\compilerui\build\x86\intermediate\debug\compiler.tlog\metagen.write.1.tlog
d:\uad\6\compiladores\compilerui\build\x86\intermediate\debug\compiler.tlog\rc.command.1.tlog
d:\uad\6\compiladores\compilerui\build\x86\intermediate\debug\compiler.tlog\rc.read.1.tlog
d:\uad\6\compiladores\compilerui\build\x86\intermediate\debug\compiler.tlog\rc.write.1.tlog
