  pch.cpp
  ArithmeticState.cpp
  AssemblyInfo.cpp
  BeginState.cpp
  CommentaryState.cpp
  Compiler.cpp
  ErrorModule.cpp
  FloatState.cpp
  IDState.cpp
  IntState.cpp
  LexAnalyzer.cpp
  LexicState.cpp
  LogicalState.cpp
  RelationalState.cpp
  StringState.cpp
  Token.cpp
  Generating Code...
d:\uad\6\compiladores\compiler\compiler\token.cpp(78): warning C4715: 'Compiler::Token::GetTypeStr': not all control paths return a value
  .NETFramework,Version=v4.7.2.AssemblyAttributes.cpp
  ArithmeticState.obj : MSIL module encountered; incremental linking is disabled for MSIL; performing full link
  Compiler.vcxproj -> D:\UAD\6\Compiladores\CompilerUI\build\x86\Exe\Debug\Compilerx86d.dll
