  pch.cpp
  ArithmeticState.cpp
  AssemblyInfo.cpp
  BeginState.cpp
  CommentaryState.cpp
  Compiler.cpp
C:\Users\funka\Desktop\Compiladores\Compiler\Compiler\Compiler.cpp(56,27): warning C4267:  'inicializando': conversión de 'size_t' a 'int'; posible pérdida de datos
  ErrorModule.cpp
  FloatState.cpp
  GlobalNode.cpp
  IDState.cpp
  IntState.cpp
  LexAnalyzer.cpp
C:\Users\funka\Desktop\Compiladores\Compiler\Compiler\Compiler.cpp(61,115): warning C4267:  'argumento': conversión de 'size_t' a 'int'; posible pérdida de datos
  LexicState.cpp
  LocalNode.cpp
  LogicalState.cpp
  RelationalState.cpp
  SemanticAnalyzer.cpp
  StringState.cpp
  SymbolTable.cpp
  SyntaxAnalyzer.cpp
  SyntaxBegin.cpp
  Generando código...
  Compilando...
  SyntaxFunction.cpp
  SyntaxMain.cpp
  SyntaxParameter.cpp
  SyntaxState.cpp
  SyntaxVar.cpp
  Token.cpp
  Generando código...
C:\Users\funka\Desktop\Compiladores\Compiler\Compiler\LexAnalyzer.cpp(189,25): warning C4267:  'return': conversión de 'size_t' a 'int'; posible pérdida de datos
C:\Users\funka\Desktop\Compiladores\Compiler\Compiler\LexAnalyzer.cpp(189,25): warning C4267: C:\Users\funka\Desktop\Compiladores\Compiler\Compiler\LocalNode.cpp(62) : warning C4715: 'Compiler::LocalNode::GetCategoryStr': no todas las rutas de acceso de control devuelven un valor
C:\Users\funka\Desktop\Compiladores\Compiler\Compiler\LexAnalyzer.cpp(189,25): warning C4267: C:\Users\funka\Desktop\Compiladores\Compiler\Compiler\GlobalNode.cpp(62) : warning C4715: 'Compiler::GlobalNode::GetCategoryStr': no todas las rutas de acceso de control devuelven un valor
C:\Users\funka\Desktop\Compiladores\Compiler\Compiler\LexAnalyzer.cpp(189,25): warning C4267: C:\Users\funka\Desktop\Compiladores\Compiler\Compiler\ErrorModule.cpp(19) : warning C4722: 'Compiler::ErrorModule::~ErrorModule': el destructor nunca devuelve un valor, posible pérdida de memoria
C:\Users\funka\Desktop\Compiladores\Compiler\Compiler\LexAnalyzer.cpp(189,25): warning C4267: C:\Users\funka\Desktop\Compiladores\Compiler\Compiler\Token.cpp(77) : warning C4715: 'Compiler::Token::GetTypeStr': no todas las rutas de acceso de control devuelven un valor
  .NETFramework,Version=v4.7.2.AssemblyAttributes.cpp
  Compiler.vcxproj -> C:\Users\funka\Desktop\Compiladores\Compiler\build\x64\Exe\Release\Compilerx64.dll
