d:\uad\6\compiladores\compilerui\build\x86\intermediate\release\compilerx86.pch
d:\uad\6\compiladores\compilerui\build\x86\intermediate\release\vc141.pdb
d:\uad\6\compiladores\compilerui\build\x86\intermediate\release\pch.obj
d:\uad\6\compiladores\compilerui\build\x86\intermediate\release\token.obj
d:\uad\6\compiladores\compilerui\build\x86\intermediate\release\stringstate.obj
d:\uad\6\compiladores\compilerui\build\x86\intermediate\release\relationalstate.obj
d:\uad\6\compiladores\compilerui\build\x86\intermediate\release\logicalstate.obj
d:\uad\6\compiladores\compilerui\build\x86\intermediate\release\lexicstate.obj
d:\uad\6\compiladores\compilerui\build\x86\intermediate\release\lexanalyzer.obj
d:\uad\6\compiladores\compilerui\build\x86\intermediate\release\intstate.obj
d:\uad\6\compiladores\compilerui\build\x86\intermediate\release\idstate.obj
d:\uad\6\compiladores\compilerui\build\x86\intermediate\release\floatstate.obj
d:\uad\6\compiladores\compilerui\build\x86\intermediate\release\errormodule.obj
d:\uad\6\compiladores\compilerui\build\x86\intermediate\release\compiler.obj
d:\uad\6\compiladores\compilerui\build\x86\intermediate\release\commentarystate.obj
d:\uad\6\compiladores\compilerui\build\x86\intermediate\release\beginstate.obj
d:\uad\6\compiladores\compilerui\build\x86\intermediate\release\assemblyinfo.obj
d:\uad\6\compiladores\compilerui\build\x86\intermediate\release\arithmeticstate.obj
d:\uad\6\compiladores\compilerui\build\x86\intermediate\release\.netframework,version=v4.7.2.assemblyattributes.obj
d:\uad\6\compiladores\compilerui\build\x86\intermediate\release\.netframework,version=v4.7.2.assemblyattributes.asm
d:\uad\6\compiladores\compilerui\build\x86\exe\release\compilerx86.dll
d:\uad\6\compiladores\compilerui\build\x86\exe\release\compilerx86.pdb
d:\uad\6\compiladores\compilerui\build\x86\intermediate\release\app.res
d:\uad\6\compiladores\compilerui\build\x86\intermediate\release\compiler.tlog\cl.command.1.tlog
d:\uad\6\compiladores\compilerui\build\x86\intermediate\release\compiler.tlog\cl.read.1.tlog
d:\uad\6\compiladores\compilerui\build\x86\intermediate\release\compiler.tlog\cl.write.1.tlog
d:\uad\6\compiladores\compilerui\build\x86\intermediate\release\compiler.tlog\link.command.1.tlog
d:\uad\6\compiladores\compilerui\build\x86\intermediate\release\compiler.tlog\link.read.1.tlog
d:\uad\6\compiladores\compilerui\build\x86\intermediate\release\compiler.tlog\link.write.1.tlog
d:\uad\6\compiladores\compilerui\build\x86\intermediate\release\compiler.tlog\metagen.read.1.tlog
d:\uad\6\compiladores\compilerui\build\x86\intermediate\release\compiler.tlog\metagen.write.1.tlog
d:\uad\6\compiladores\compilerui\build\x86\intermediate\release\compiler.tlog\rc.command.1.tlog
d:\uad\6\compiladores\compilerui\build\x86\intermediate\release\compiler.tlog\rc.read.1.tlog
d:\uad\6\compiladores\compilerui\build\x86\intermediate\release\compiler.tlog\rc.write.1.tlog
